<?xml version="1.0" encoding="UTF-8"?>
<testng-results skipped="0" failed="0" total="2" passed="2">
  <reporter-output>
  </reporter-output>
  <suite name="allSuites" duration-ms="0" started-at="2019-12-24T21:18:10Z" finished-at="2019-12-24T21:18:10Z">
    <groups>
    </groups>
  </suite> <!-- allSuites -->
  <suite name="MultiUserCallTest" duration-ms="39084" started-at="2019-12-24T21:17:30Z" finished-at="2019-12-24T21:18:09Z">
    <groups>
      <group name="functional">
        <method signature="MutiUserCallTest.multiUserCallTest()[pri:0, instance:app.chatroom.testcases.MutiUserCallTest@64bf3bbf]" name="multiUserCallTest" class="app.chatroom.testcases.MutiUserCallTest"/>
        <method signature="MutiUserCallTest.multiUserCallTest()[pri:0, instance:app.chatroom.testcases.MutiUserCallTest@6b09bb57]" name="multiUserCallTest" class="app.chatroom.testcases.MutiUserCallTest"/>
      </group> <!-- functional -->
    </groups>
    <test name="MultiUserCallTest2" duration-ms="39084" started-at="2019-12-24T21:17:30Z" finished-at="2019-12-24T21:18:09Z">
      <class name="app.chatroom.testcases.MutiUserCallTest">
        <test-method status="PASS" signature="prerequisites(java.lang.String)[pri:0, instance:app.chatroom.testcases.MutiUserCallTest@6b09bb57]" name="prerequisites" is-config="true" duration-ms="27" started-at="2019-12-25T02:47:36Z" finished-at="2019-12-25T02:47:36Z">
          <params>
            <param index="0">
              <value>
                <![CDATA[functional]]>
              </value>
            </param>
          </params>
          <reporter-output>
          </reporter-output>
        </test-method> <!-- prerequisites -->
        <test-method status="PASS" signature="multiUserCallTest()[pri:0, instance:app.chatroom.testcases.MutiUserCallTest@6b09bb57]" name="multiUserCallTest" duration-ms="31388" started-at="2019-12-25T02:47:36Z" finished-at="2019-12-25T02:48:08Z">
          <reporter-output>
          </reporter-output>
        </test-method> <!-- multiUserCallTest -->
      </class> <!-- app.chatroom.testcases.MutiUserCallTest -->
      <class name="app.chatroom.common.BrowserOpenCloseTest">
        <test-method status="PASS" signature="browerOpen(java.lang.String)[pri:0, instance:app.chatroom.common.BrowserOpenCloseTest@63753b6d]" name="browerOpen" is-config="true" duration-ms="5903" started-at="2019-12-25T02:47:30Z" finished-at="2019-12-25T02:47:36Z">
          <params>
            <param index="0">
              <value>
                <![CDATA[FireFox]]>
              </value>
            </param>
          </params>
          <reporter-output>
          </reporter-output>
        </test-method> <!-- browerOpen -->
        <test-method status="FAIL" signature="browserClose()[pri:0, instance:app.chatroom.common.BrowserOpenCloseTest@63753b6d]" name="browserClose" is-config="true" duration-ms="0" started-at="2019-12-25T02:48:08Z" finished-at="2019-12-25T02:48:08Z">
          <exception class="org.openqa.selenium.NoSuchSessionException">
            <message>
              <![CDATA[Tried to run command without establishing a connection
Build info: version: '3.141.59', revision: 'e82be7d358', time: '2018-11-14T08:17:03'
System info: host: 'SSPL-LP-DNS-0204', ip: '127.0.1.1', os.name: 'Linux', os.arch: 'amd64', os.version: '4.15.0-72-generic', java.version: '1.8.0_232'
Driver info: org.openqa.selenium.firefox.FirefoxDriver
Capabilities {acceptInsecureCerts: true, browserName: firefox, browserVersion: 71.0, javascriptEnabled: true, moz:accessibilityChecks: false, moz:buildID: 20191202093317, moz:geckodriverVersion: 0.26.0, moz:headless: false, moz:processID: 19108, moz:profile: /tmp/rust_mozprofileJRXGa5, moz:shutdownTimeout: 60000, moz:useNonSpecCompliantPointerOrigin: false, moz:webdriverClick: true, pageLoadStrategy: normal, platform: LINUX, platformName: LINUX, platformVersion: 4.15.0-72-generic, rotatable: false, setWindowRect: true, strictFileInteractability: false, timeouts: {implicit: 0, pageLoad: 300000, script: 30000}, unhandledPromptBehavior: dismiss and notify}]]>
            </message>
            <full-stacktrace>
              <![CDATA[org.openqa.selenium.NoSuchSessionException: Tried to run command without establishing a connection
Build info: version: '3.141.59', revision: 'e82be7d358', time: '2018-11-14T08:17:03'
System info: host: 'SSPL-LP-DNS-0204', ip: '127.0.1.1', os.name: 'Linux', os.arch: 'amd64', os.version: '4.15.0-72-generic', java.version: '1.8.0_232'
Driver info: org.openqa.selenium.firefox.FirefoxDriver
Capabilities {acceptInsecureCerts: true, browserName: firefox, browserVersion: 71.0, javascriptEnabled: true, moz:accessibilityChecks: false, moz:buildID: 20191202093317, moz:geckodriverVersion: 0.26.0, moz:headless: false, moz:processID: 19108, moz:profile: /tmp/rust_mozprofileJRXGa5, moz:shutdownTimeout: 60000, moz:useNonSpecCompliantPointerOrigin: false, moz:webdriverClick: true, pageLoadStrategy: normal, platform: LINUX, platformName: LINUX, platformVersion: 4.15.0-72-generic, rotatable: false, setWindowRect: true, strictFileInteractability: false, timeouts: {implicit: 0, pageLoad: 300000, script: 30000}, unhandledPromptBehavior: dismiss and notify}
	at sun.reflect.NativeConstructorAccessorImpl.newInstance0(Native Method)
	at sun.reflect.NativeConstructorAccessorImpl.newInstance(NativeConstructorAccessorImpl.java:62)
	at sun.reflect.DelegatingConstructorAccessorImpl.newInstance(DelegatingConstructorAccessorImpl.java:45)
	at java.lang.reflect.Constructor.newInstance(Constructor.java:423)
	at org.openqa.selenium.remote.http.W3CHttpResponseCodec.createException(W3CHttpResponseCodec.java:187)
	at org.openqa.selenium.remote.http.W3CHttpResponseCodec.decode(W3CHttpResponseCodec.java:122)
	at org.openqa.selenium.remote.http.W3CHttpResponseCodec.decode(W3CHttpResponseCodec.java:49)
	at org.openqa.selenium.remote.HttpCommandExecutor.execute(HttpCommandExecutor.java:158)
	at org.openqa.selenium.remote.service.DriverCommandExecutor.execute(DriverCommandExecutor.java:83)
	at org.openqa.selenium.remote.RemoteWebDriver.execute(RemoteWebDriver.java:552)
	at org.openqa.selenium.remote.RemoteWebDriver.execute(RemoteWebDriver.java:609)
	at org.openqa.selenium.remote.RemoteWebDriver.quit(RemoteWebDriver.java:452)
	at app.chatroom.common.BrowserOpenCloseTest.browserClose(BrowserOpenCloseTest.java:32)
	at sun.reflect.NativeMethodAccessorImpl.invoke0(Native Method)
	at sun.reflect.NativeMethodAccessorImpl.invoke(NativeMethodAccessorImpl.java:62)
	at sun.reflect.DelegatingMethodAccessorImpl.invoke(DelegatingMethodAccessorImpl.java:43)
	at java.lang.reflect.Method.invoke(Method.java:498)
	at org.testng.internal.MethodInvocationHelper.invokeMethod(MethodInvocationHelper.java:86)
	at org.testng.internal.Invoker.invokeConfigurationMethod(Invoker.java:515)
	at org.testng.internal.Invoker.invokeConfigurations(Invoker.java:216)
	at org.testng.internal.Invoker.invokeConfigurations(Invoker.java:143)
	at org.testng.TestRunner.afterRun(TestRunner.java:1005)
	at org.testng.TestRunner.run(TestRunner.java:636)
	at org.testng.SuiteRunner.runTest(SuiteRunner.java:366)
	at org.testng.SuiteRunner.access$000(SuiteRunner.java:39)
	at org.testng.SuiteRunner$SuiteWorker.run(SuiteRunner.java:400)
	at org.testng.internal.thread.ThreadUtil$2.call(ThreadUtil.java:64)
	at java.util.concurrent.FutureTask.run(FutureTask.java:266)
	at java.util.concurrent.ThreadPoolExecutor.runWorker(ThreadPoolExecutor.java:1149)
	at java.util.concurrent.ThreadPoolExecutor$Worker.run(ThreadPoolExecutor.java:624)
	at java.lang.Thread.run(Thread.java:748)
]]>
            </full-stacktrace>
          </exception> <!-- org.openqa.selenium.NoSuchSessionException -->
          <reporter-output>
          </reporter-output>
        </test-method> <!-- browserClose -->
      </class> <!-- app.chatroom.common.BrowserOpenCloseTest -->
    </test> <!-- MultiUserCallTest2 -->
    <test name="MultiUserCallTest1" duration-ms="39075" started-at="2019-12-24T21:17:30Z" finished-at="2019-12-24T21:18:09Z">
      <class name="app.chatroom.testcases.MutiUserCallTest">
        <test-method status="PASS" signature="prerequisites(java.lang.String)[pri:0, instance:app.chatroom.testcases.MutiUserCallTest@64bf3bbf]" name="prerequisites" is-config="true" duration-ms="120" started-at="2019-12-25T02:47:33Z" finished-at="2019-12-25T02:47:33Z">
          <params>
            <param index="0">
              <value>
                <![CDATA[functional]]>
              </value>
            </param>
          </params>
          <reporter-output>
          </reporter-output>
        </test-method> <!-- prerequisites -->
        <test-method status="PASS" signature="multiUserCallTest()[pri:0, instance:app.chatroom.testcases.MutiUserCallTest@64bf3bbf]" name="multiUserCallTest" duration-ms="33980" started-at="2019-12-25T02:47:33Z" finished-at="2019-12-25T02:48:07Z">
          <reporter-output>
          </reporter-output>
        </test-method> <!-- multiUserCallTest -->
      </class> <!-- app.chatroom.testcases.MutiUserCallTest -->
      <class name="app.chatroom.common.BrowserOpenCloseTest">
        <test-method status="PASS" signature="browerOpen(java.lang.String)[pri:0, instance:app.chatroom.common.BrowserOpenCloseTest@64bfbc86]" name="browerOpen" is-config="true" duration-ms="2920" started-at="2019-12-25T02:47:30Z" finished-at="2019-12-25T02:47:33Z">
          <params>
            <param index="0">
              <value>
                <![CDATA[Chrome]]>
              </value>
            </param>
          </params>
          <reporter-output>
          </reporter-output>
        </test-method> <!-- browerOpen -->
        <test-method status="PASS" signature="browserClose()[pri:0, instance:app.chatroom.common.BrowserOpenCloseTest@64bfbc86]" name="browserClose" is-config="true" duration-ms="2030" started-at="2019-12-25T02:48:07Z" finished-at="2019-12-25T02:48:09Z">
          <reporter-output>
          </reporter-output>
        </test-method> <!-- browserClose -->
      </class> <!-- app.chatroom.common.BrowserOpenCloseTest -->
    </test> <!-- MultiUserCallTest1 -->
  </suite> <!-- MultiUserCallTest -->
</testng-results>
